#
# There is insufficient memory for the Java Runtime Environment to continue.
# Native memory allocation (malloc) failed to allocate 1160384 bytes for Chunk::new
# Possible reasons:
#   The system is out of physical RAM or swap space
#   The process is running with CompressedOops enabled, and the Java Heap may be blocking the growth of the native heap
# Possible solutions:
#   Reduce memory load on the system
#   Increase physical memory or swap space
#   Check if swap backing store is full
#   Decrease Java heap size (-Xmx/-Xms)
#   Decrease number of Java threads
#   Decrease Java thread stack sizes (-Xss)
#   Set larger code cache with -XX:ReservedCodeCacheSize=
#   JVM is running with Unscaled Compressed Oops mode in which the Java heap is
#     placed in the first 4GB address space. The Java Heap base address is the
#     maximum limit for the native heap growth. Please use -XX:HeapBaseMinAddress
#     to set the Java Heap base and to place the Java Heap above 4GB virtual address.
# This output file may be truncated or incomplete.
#
#  Out of Memory Error (arena.cpp:166), pid=9380, tid=1872
#
# JRE version: Java(TM) SE Runtime Environment (21.0+35) (build 21+35-LTS-2513)
# Java VM: Java HotSpot(TM) 64-Bit Server VM (21+35-LTS-2513, mixed mode, sharing, tiered, compressed oops, compressed class ptrs, g1 gc, windows-amd64)
# No core dump will be written. Minidumps are not enabled by default on client versions of Windows
#

---------------  S U M M A R Y ------------

Command Line: -javaagent:D:\IntelliJ IDEA Community Edition 2023.2.2\lib\idea_rt.jar=52499:D:\IntelliJ IDEA Community Edition 2023.2.2\bin -Dfile.encoding=UTF-8 -Dsun.stdout.encoding=UTF-8 -Dsun.stderr.encoding=UTF-8 com.example.SmartHouse.SmartHouseApplication

Host: Intel(R) Core(TM) i5-8300H CPU @ 2.30GHz, 8 cores, 7G,  Windows 11 , 64 bit Build 22000 (10.0.22000.2538)
Time: Fri Feb 16 01:47:44 2024 SE Asia Standard Time elapsed time: 432.226862 seconds (0d 0h 7m 12s)

---------------  T H R E A D  ---------------

Current thread (0x00000211450e9fa0):  JavaThread "C2 CompilerThread0" daemon [_thread_in_native, id=1872, stack(0x00000074e5f00000,0x00000074e6000000) (1024K)]


Current CompileTask:
C2: 432227 6617       4       org.springframework.core.ResolvableType::hasGenerics (14 bytes)

Stack: [0x00000074e5f00000,0x00000074e6000000]
Native frames: (J=compiled Java code, j=interpreted, Vv=VM code, C=native code)
V  [jvm.dll+0x6c8d39]
V  [jvm.dll+0x854091]
V  [jvm.dll+0x85630e]
V  [jvm.dll+0x8569e3]
V  [jvm.dll+0x2809a6]
V  [jvm.dll+0xc3e6d]
V  [jvm.dll+0xc4383]
V  [jvm.dll+0x3b551c]
V  [jvm.dll+0x1e1fa9]
V  [jvm.dll+0x249952]
V  [jvm.dll+0x248de1]
V  [jvm.dll+0x1c9b91]
V  [jvm.dll+0x2583e9]
V  [jvm.dll+0x2569ca]
V  [jvm.dll+0x3eef66]
V  [jvm.dll+0x7fd2c8]
V  [jvm.dll+0x6c748d]
C  [ucrtbase.dll+0x26c0c]
C  [KERNEL32.DLL+0x153e0]
C  [ntdll.dll+0x485b]


---------------  P R O C E S S  ---------------

Threads class SMR info:
_java_thread_list=0x000002118f98c510, length=31, elements={
0x00000211450d8e20, 0x00000211450d9980, 0x00000211450daaa0, 0x00000211450dd770,
0x00000211450de530, 0x00000211450df0c0, 0x00000211450e9fa0, 0x00000211450f7e30,
0x0000021145301b00, 0x00000211456d52f0, 0x000002114583a490, 0x000002118bc36950,
0x000002118ce8bee0, 0x000002118d588b70, 0x000002118c857d40, 0x000002118c857020,
0x000002118c855c70, 0x000002118c8583d0, 0x000002118c856300, 0x000002118c856990,
0x000002118c8576b0, 0x000002118f5aa6d0, 0x000002118f5a3dd0, 0x000002118f5aad60,
0x000002118f5a5180, 0x000002118f5aa040, 0x000002118f5a9320, 0x000002118f5a5810,
0x000002118f5a4af0, 0x000002118f5a8600, 0x000002118f5a78e0
}

Java Threads: ( => current thread )
  0x00000211450d8e20 JavaThread "Reference Handler"          daemon [_thread_blocked, id=14288, stack(0x00000074e5900000,0x00000074e5a00000) (1024K)]
  0x00000211450d9980 JavaThread "Finalizer"                  daemon [_thread_blocked, id=16240, stack(0x00000074e5a00000,0x00000074e5b00000) (1024K)]
  0x00000211450daaa0 JavaThread "Signal Dispatcher"          daemon [_thread_blocked, id=10024, stack(0x00000074e5b00000,0x00000074e5c00000) (1024K)]
  0x00000211450dd770 JavaThread "Attach Listener"            daemon [_thread_blocked, id=4136, stack(0x00000074e5c00000,0x00000074e5d00000) (1024K)]
  0x00000211450de530 JavaThread "Service Thread"             daemon [_thread_blocked, id=22888, stack(0x00000074e5d00000,0x00000074e5e00000) (1024K)]
  0x00000211450df0c0 JavaThread "Monitor Deflation Thread"   daemon [_thread_blocked, id=17992, stack(0x00000074e5e00000,0x00000074e5f00000) (1024K)]
=>0x00000211450e9fa0 JavaThread "C2 CompilerThread0"         daemon [_thread_in_native, id=1872, stack(0x00000074e5f00000,0x00000074e6000000) (1024K)]
  0x00000211450f7e30 JavaThread "C1 CompilerThread0"         daemon [_thread_blocked, id=9188, stack(0x00000074e6000000,0x00000074e6100000) (1024K)]
  0x0000021145301b00 JavaThread "Common-Cleaner"             daemon [_thread_blocked, id=23216, stack(0x00000074e6100000,0x00000074e6200000) (1024K)]
  0x00000211456d52f0 JavaThread "Monitor Ctrl-Break"         daemon [_thread_in_native, id=25564, stack(0x00000074e6300000,0x00000074e6400000) (1024K)]
  0x000002114583a490 JavaThread "Notification Thread"        daemon [_thread_blocked, id=25596, stack(0x00000074e6400000,0x00000074e6500000) (1024K)]
  0x000002118bc36950 JavaThread "Catalina-utility-1"                [_thread_blocked, id=14344, stack(0x00000074e6f00000,0x00000074e7000000) (1024K)]
  0x000002118ce8bee0 JavaThread "Catalina-utility-2"                [_thread_blocked, id=8064, stack(0x00000074e7000000,0x00000074e7100000) (1024K)]
  0x000002118d588b70 JavaThread "container-0"                       [_thread_blocked, id=7792, stack(0x00000074e7100000,0x00000074e7200000) (1024K)]
  0x000002118c857d40 JavaThread "mysql-cj-abandoned-connection-cleanup" daemon [_thread_blocked, id=4464, stack(0x00000074e7200000,0x00000074e7300000) (1024K)]
  0x000002118c857020 JavaThread "HikariPool-1 housekeeper"   daemon [_thread_blocked, id=19976, stack(0x00000074e7400000,0x00000074e7500000) (1024K)]
  0x000002118c855c70 JavaThread "File Watcher"               daemon [_thread_blocked, id=15792, stack(0x00000074e7700000,0x00000074e7800000) (1024K)]
  0x000002118c8583d0 JavaThread "Live Reload Server"         daemon [_thread_in_native, id=19384, stack(0x00000074e7900000,0x00000074e7a00000) (1024K)]
  0x000002118c856300 JavaThread "http-nio-8888-exec-1"       daemon [_thread_blocked, id=20720, stack(0x00000074e7800000,0x00000074e7900000) (1024K)]
  0x000002118c856990 JavaThread "http-nio-8888-exec-2"       daemon [_thread_blocked, id=14692, stack(0x00000074e7a00000,0x00000074e7b00000) (1024K)]
  0x000002118c8576b0 JavaThread "http-nio-8888-exec-3"       daemon [_thread_blocked, id=20620, stack(0x00000074e7b00000,0x00000074e7c00000) (1024K)]
  0x000002118f5aa6d0 JavaThread "http-nio-8888-exec-4"       daemon [_thread_blocked, id=15952, stack(0x00000074e7c00000,0x00000074e7d00000) (1024K)]
  0x000002118f5a3dd0 JavaThread "http-nio-8888-exec-5"       daemon [_thread_blocked, id=13364, stack(0x00000074e7d00000,0x00000074e7e00000) (1024K)]
  0x000002118f5aad60 JavaThread "http-nio-8888-exec-6"       daemon [_thread_blocked, id=9480, stack(0x00000074e7e00000,0x00000074e7f00000) (1024K)]
  0x000002118f5a5180 JavaThread "http-nio-8888-exec-7"       daemon [_thread_blocked, id=24112, stack(0x00000074e7f00000,0x00000074e8000000) (1024K)]
  0x000002118f5aa040 JavaThread "http-nio-8888-exec-8"       daemon [_thread_blocked, id=16540, stack(0x00000074e8000000,0x00000074e8100000) (1024K)]
  0x000002118f5a9320 JavaThread "http-nio-8888-exec-9"       daemon [_thread_blocked, id=19936, stack(0x00000074e8100000,0x00000074e8200000) (1024K)]
  0x000002118f5a5810 JavaThread "http-nio-8888-exec-10"      daemon [_thread_blocked, id=13012, stack(0x00000074e8200000,0x00000074e8300000) (1024K)]
  0x000002118f5a4af0 JavaThread "http-nio-8888-Poller"       daemon [_thread_in_native, id=15152, stack(0x00000074e8300000,0x00000074e8400000) (1024K)]
  0x000002118f5a8600 JavaThread "http-nio-8888-Acceptor"     daemon [_thread_in_native, id=20288, stack(0x00000074e8400000,0x00000074e8500000) (1024K)]
  0x000002118f5a78e0 JavaThread "DestroyJavaVM"                     [_thread_blocked, id=1700, stack(0x00000074e5100000,0x00000074e5200000) (1024K)]
Total: 31

Other Threads:
  0x00000211450b69d0 VMThread "VM Thread"                           [id=22600, stack(0x00000074e5800000,0x00000074e5900000) (1024K)]
  0x00000211450a0a10 WatcherThread "VM Periodic Task Thread"        [id=18316, stack(0x00000074e5700000,0x00000074e5800000) (1024K)]
  0x00000211288485d0 WorkerThread "GC Thread#0"                     [id=11280, stack(0x00000074e5200000,0x00000074e5300000) (1024K)]
  0x0000021145d9cd40 WorkerThread "GC Thread#1"                     [id=15836, stack(0x00000074e6700000,0x00000074e6800000) (1024K)]
  0x0000021145d9d0e0 WorkerThread "GC Thread#2"                     [id=19024, stack(0x00000074e6800000,0x00000074e6900000) (1024K)]
  0x0000021145d9dbc0 WorkerThread "GC Thread#3"                     [id=15428, stack(0x00000074e6900000,0x00000074e6a00000) (1024K)]
  0x0000021145d9e300 WorkerThread "GC Thread#4"                     [id=16140, stack(0x00000074e6a00000,0x00000074e6b00000) (1024K)]
  0x0000021145d9df60 WorkerThread "GC Thread#5"                     [id=8956, stack(0x00000074e6b00000,0x00000074e6c00000) (1024K)]
  0x0000021145d9e6a0 WorkerThread "GC Thread#6"                     [id=4872, stack(0x00000074e6c00000,0x00000074e6d00000) (1024K)]
  0x0000021145d9d480 WorkerThread "GC Thread#7"                     [id=11692, stack(0x00000074e6d00000,0x00000074e6e00000) (1024K)]
  0x000002112885a2f0 ConcurrentGCThread "G1 Main Marker"            [id=16324, stack(0x00000074e5300000,0x00000074e5400000) (1024K)]
  0x000002112885b590 WorkerThread "G1 Conc#0"                       [id=23088, stack(0x00000074e5400000,0x00000074e5500000) (1024K)]
  0x000002118ba7e5d0 WorkerThread "G1 Conc#1"                       [id=16036, stack(0x00000074e6e00000,0x00000074e6f00000) (1024K)]
  0x0000021144f734e0 ConcurrentGCThread "G1 Refine#0"               [id=6332, stack(0x00000074e5500000,0x00000074e5600000) (1024K)]
  0x00000211288ba1c0 ConcurrentGCThread "G1 Service"                [id=20608, stack(0x00000074e5600000,0x00000074e5700000) (1024K)]
Total: 15

Threads with active compile tasks:
C2 CompilerThread0   432299 6617       4       org.springframework.core.ResolvableType::hasGenerics (14 bytes)
Total: 1

VM state: at safepoint (normal execution)

VM Mutex/Monitor currently owned by a thread:  ([mutex/lock_event])
[0x00007ffb5f938548] Threads_lock - owner thread: 0x00000211450b69d0
[0x00007ffb5f938648] Heap_lock - owner thread: 0x000002118f5aa6d0
[0x00007ffb5f938b48] OopMapCacheAlloc_lock - owner thread: 0x0000000000000000

Heap address: 0x0000000082800000, size: 2008 MB, Compressed Oops mode: 32-bit

CDS archive(s) mapped at: [0x0000021146000000-0x0000021146c90000-0x0000021146c90000), size 13172736, SharedBaseAddress: 0x0000021146000000, ArchiveRelocationMode: 1.
Compressed class space mapped at: 0x0000021147000000-0x0000021187000000, reserved size: 1073741824
Narrow klass base: 0x0000021146000000, Narrow klass shift: 0, Narrow klass range: 0x100000000

GC Precious Log:
 CardTable entry size: 512
 Card Set container configuration: InlinePtr #cards 5 size 8 Array Of Cards #cards 12 size 40 Howl #buckets 4 coarsen threshold 1843 Howl Bitmap #cards 512 size 80 coarsen threshold 460 Card regions per heap region 1 cards per card region 2048
 CPUs: 8 total, 8 available
 Memory: 8028M
 Large Page Support: Disabled
 NUMA Support: Disabled
 Compressed Oops: Enabled (32-bit)
 Heap Region Size: 1M
 Heap Min Capacity: 8M
 Heap Initial Capacity: 126M
 Heap Max Capacity: 2008M
 Pre-touch: Disabled
 Parallel Workers: 8
 Concurrent Workers: 2
 Concurrent Refinement Workers: 8
 Periodic GC: Disabled

Heap:
 garbage-first heap   total 66560K, used 57520K [0x0000000082800000, 0x0000000100000000)
  region size 1024K, 28 young (28672K), 2 survivors (2048K)
 Metaspace       used 67336K, committed 68032K, reserved 1114112K
  class space    used 9248K, committed 9536K, reserved 1048576K

Heap Regions: E=young(eden), S=young(survivor), O=old, HS=humongous(starts), HC=humongous(continues), CS=collection set, F=free, TAMS=top-at-mark-start, PB=parsable bottom
|   0|0x0000000082800000, 0x0000000082900000, 0x0000000082900000|100%|HS|  |TAMS 0x0000000082900000| PB 0x0000000082800000| Complete 
|   1|0x0000000082900000, 0x0000000082a00000, 0x0000000082a00000|100%| O|  |TAMS 0x0000000082a00000| PB 0x0000000082900000| Untracked 
|   2|0x0000000082a00000, 0x0000000082b00000, 0x0000000082b00000|100%| O|  |TAMS 0x0000000082b00000| PB 0x0000000082a00000| Untracked 
|   3|0x0000000082b00000, 0x0000000082c00000, 0x0000000082c00000|100%| O|  |TAMS 0x0000000082c00000| PB 0x0000000082b00000| Untracked 
|   4|0x0000000082c00000, 0x0000000082d00000, 0x0000000082d00000|100%| O|  |TAMS 0x0000000082d00000| PB 0x0000000082c00000| Untracked 
|   5|0x0000000082d00000, 0x0000000082e00000, 0x0000000082e00000|100%| O|  |TAMS 0x0000000082e00000| PB 0x0000000082d00000| Untracked 
|   6|0x0000000082e00000, 0x0000000082f00000, 0x0000000082f00000|100%| O|  |TAMS 0x0000000082f00000| PB 0x0000000082e00000| Untracked 
|   7|0x0000000082f00000, 0x0000000083000000, 0x0000000083000000|100%| O|  |TAMS 0x0000000083000000| PB 0x0000000082f00000| Untracked 
|   8|0x0000000083000000, 0x0000000083100000, 0x0000000083100000|100%| O|  |TAMS 0x0000000083100000| PB 0x0000000083000000| Untracked 
|   9|0x0000000083100000, 0x0000000083200000, 0x0000000083200000|100%| O|  |TAMS 0x0000000083200000| PB 0x0000000083100000| Untracked 
|  10|0x0000000083200000, 0x0000000083300000, 0x0000000083300000|100%| O|  |TAMS 0x0000000083300000| PB 0x0000000083200000| Untracked 
|  11|0x0000000083300000, 0x0000000083400000, 0x0000000083400000|100%| O|  |TAMS 0x0000000083400000| PB 0x0000000083300000| Untracked 
|  12|0x0000000083400000, 0x0000000083500000, 0x0000000083500000|100%| O|  |TAMS 0x0000000083500000| PB 0x0000000083400000| Untracked 
|  13|0x0000000083500000, 0x0000000083600000, 0x0000000083600000|100%| O|  |TAMS 0x0000000083600000| PB 0x0000000083500000| Untracked 
|  14|0x0000000083600000, 0x0000000083700000, 0x0000000083700000|100%| O|  |TAMS 0x0000000083700000| PB 0x0000000083600000| Untracked 
|  15|0x0000000083700000, 0x0000000083800000, 0x0000000083800000|100%| O|  |TAMS 0x0000000083800000| PB 0x0000000083700000| Untracked 
|  16|0x0000000083800000, 0x0000000083900000, 0x0000000083900000|100%| O|  |TAMS 0x0000000083800000| PB 0x0000000083800000| Untracked 
|  17|0x0000000083900000, 0x0000000083a00000, 0x0000000083a00000|100%| O|  |TAMS 0x0000000083a00000| PB 0x0000000083900000| Untracked 
|  18|0x0000000083a00000, 0x0000000083b00000, 0x0000000083b00000|100%| O|  |TAMS 0x0000000083b00000| PB 0x0000000083a00000| Untracked 
|  19|0x0000000083b00000, 0x0000000083c00000, 0x0000000083c00000|100%| O|  |TAMS 0x0000000083c00000| PB 0x0000000083b00000| Untracked 
|  20|0x0000000083c00000, 0x0000000083d00000, 0x0000000083d00000|100%| O|  |TAMS 0x0000000083d00000| PB 0x0000000083c00000| Untracked 
|  21|0x0000000083d00000, 0x0000000083e00000, 0x0000000083e00000|100%| O|  |TAMS 0x0000000083e00000| PB 0x0000000083d00000| Untracked 
|  22|0x0000000083e00000, 0x0000000083f00000, 0x0000000083f00000|100%| O|  |TAMS 0x0000000083f00000| PB 0x0000000083e00000| Untracked 
|  23|0x0000000083f00000, 0x0000000084000000, 0x0000000084000000|100%| O|  |TAMS 0x0000000084000000| PB 0x0000000083f00000| Untracked 
|  24|0x0000000084000000, 0x0000000084100000, 0x0000000084100000|100%| O|  |TAMS 0x0000000084100000| PB 0x0000000084000000| Untracked 
|  25|0x0000000084100000, 0x0000000084200000, 0x0000000084200000|100%| O|  |TAMS 0x0000000084200000| PB 0x0000000084100000| Untracked 
|  26|0x0000000084200000, 0x0000000084300000, 0x0000000084300000|100%| O|  |TAMS 0x00000000842465a8| PB 0x0000000084200000| Untracked 
|  27|0x0000000084300000, 0x0000000084400000, 0x0000000084400000|100%| O|  |TAMS 0x0000000084400000| PB 0x0000000084300000| Untracked 
|  28|0x0000000084400000, 0x0000000084500000, 0x0000000084500000|100%| O|  |TAMS 0x0000000084400000| PB 0x0000000084400000| Untracked 
|  29|0x0000000084500000, 0x0000000084540260, 0x0000000084600000| 25%| O|  |TAMS 0x0000000084500000| PB 0x0000000084500000| Untracked 
|  30|0x0000000084600000, 0x0000000084700000, 0x0000000084700000|100%| E|CS|TAMS 0x0000000084600000| PB 0x0000000084600000| Complete 
|  31|0x0000000084700000, 0x0000000084800000, 0x0000000084800000|100%| E|CS|TAMS 0x0000000084700000| PB 0x0000000084700000| Complete 
|  32|0x0000000084800000, 0x0000000084900000, 0x0000000084900000|100%| E|CS|TAMS 0x0000000084800000| PB 0x0000000084800000| Complete 
|  33|0x0000000084900000, 0x0000000084900000, 0x0000000084a00000|  0%| F|  |TAMS 0x0000000084900000| PB 0x0000000084900000| Untracked 
|  34|0x0000000084a00000, 0x0000000084a00000, 0x0000000084b00000|  0%| F|  |TAMS 0x0000000084a00000| PB 0x0000000084a00000| Untracked 
|  35|0x0000000084b00000, 0x0000000084c00000, 0x0000000084c00000|100%| E|CS|TAMS 0x0000000084b00000| PB 0x0000000084b00000| Complete 
|  36|0x0000000084c00000, 0x0000000084c00000, 0x0000000084d00000|  0%| F|  |TAMS 0x0000000084c00000| PB 0x0000000084c00000| Untracked 
|  37|0x0000000084d00000, 0x0000000084d3eb98, 0x0000000084e00000| 24%| S|  |TAMS 0x0000000084d00000| PB 0x0000000084d00000| Complete 
|  38|0x0000000084e00000, 0x0000000084f00000, 0x0000000084f00000|100%| S|  |TAMS 0x0000000084e00000| PB 0x0000000084e00000| Complete 
|  39|0x0000000084f00000, 0x0000000084fe5b30, 0x0000000085000000| 89%| E|CS|TAMS 0x0000000084f00000| PB 0x0000000084f00000| Complete 
|  40|0x0000000085000000, 0x0000000085100000, 0x0000000085100000|100%| E|CS|TAMS 0x0000000085000000| PB 0x0000000085000000| Complete 
|  41|0x0000000085100000, 0x0000000085200000, 0x0000000085200000|100%| E|CS|TAMS 0x0000000085100000| PB 0x0000000085100000| Complete 
|  42|0x0000000085200000, 0x0000000085300000, 0x0000000085300000|100%| E|CS|TAMS 0x0000000085200000| PB 0x0000000085200000| Complete 
|  43|0x0000000085300000, 0x0000000085400000, 0x0000000085400000|100%| E|CS|TAMS 0x0000000085300000| PB 0x0000000085300000| Complete 
|  44|0x0000000085400000, 0x0000000085500000, 0x0000000085500000|100%| E|CS|TAMS 0x0000000085400000| PB 0x0000000085400000| Complete 
|  45|0x0000000085500000, 0x0000000085600000, 0x0000000085600000|100%| E|CS|TAMS 0x0000000085500000| PB 0x0000000085500000| Complete 
|  46|0x0000000085600000, 0x0000000085700000, 0x0000000085700000|100%| E|CS|TAMS 0x0000000085600000| PB 0x0000000085600000| Complete 
|  47|0x0000000085700000, 0x0000000085800000, 0x0000000085800000|100%| E|CS|TAMS 0x0000000085700000| PB 0x0000000085700000| Complete 
|  48|0x0000000085800000, 0x0000000085900000, 0x0000000085900000|100%| E|CS|TAMS 0x0000000085800000| PB 0x0000000085800000| Complete 
|  49|0x0000000085900000, 0x0000000085a00000, 0x0000000085a00000|100%| E|CS|TAMS 0x0000000085900000| PB 0x0000000085900000| Complete 
|  50|0x0000000085a00000, 0x0000000085b00000, 0x0000000085b00000|100%| E|CS|TAMS 0x0000000085a00000| PB 0x0000000085a00000| Complete 
|  51|0x0000000085b00000, 0x0000000085c00000, 0x0000000085c00000|100%| E|CS|TAMS 0x0000000085b00000| PB 0x0000000085b00000| Complete 
|  52|0x0000000085c00000, 0x0000000085d00000, 0x0000000085d00000|100%| E|CS|TAMS 0x0000000085c00000| PB 0x0000000085c00000| Complete 
|  53|0x0000000085d00000, 0x0000000085e00000, 0x0000000085e00000|100%| E|CS|TAMS 0x0000000085d00000| PB 0x0000000085d00000| Complete 
|  54|0x0000000085e00000, 0x0000000085f00000, 0x0000000085f00000|100%| E|CS|TAMS 0x0000000085e00000| PB 0x0000000085e00000| Complete 
|  55|0x0000000085f00000, 0x0000000086000000, 0x0000000086000000|100%| E|CS|TAMS 0x0000000085f00000| PB 0x0000000085f00000| Complete 
|  56|0x0000000086000000, 0x0000000086100000, 0x0000000086100000|100%| E|CS|TAMS 0x0000000086000000| PB 0x0000000086000000| Complete 
|  57|0x0000000086100000, 0x0000000086200000, 0x0000000086200000|100%| E|CS|TAMS 0x0000000086100000| PB 0x0000000086100000| Complete 
|  70|0x0000000086e00000, 0x0000000086f00000, 0x0000000086f00000|100%| E|CS|TAMS 0x0000000086e00000| PB 0x0000000086e00000| Complete 
|  71|0x0000000086f00000, 0x0000000087000000, 0x0000000087000000|100%| E|CS|TAMS 0x0000000086f00000| PB 0x0000000086f00000| Complete 
|  72|0x0000000087000000, 0x0000000087100000, 0x0000000087100000|100%| E|CS|TAMS 0x0000000087000000| PB 0x0000000087000000| Complete 
|  73|0x0000000087100000, 0x0000000087200000, 0x0000000087200000|100%| E|CS|TAMS 0x0000000087100000| PB 0x0000000087100000| Complete 
|  74|0x0000000087200000, 0x0000000087300000, 0x0000000087300000|100%| E|CS|TAMS 0x0000000087200000| PB 0x0000000087200000| Complete 
|  75|0x0000000087300000, 0x0000000087400000, 0x0000000087400000|100%| E|CS|TAMS 0x0000000087300000| PB 0x0000000087300000| Complete 
| 125|0x000000008a500000, 0x000000008a600000, 0x000000008a600000|100%| E|CS|TAMS 0x000000008a500000| PB 0x000000008a500000| Complete 

Card table byte_map: [0x0000021140370000,0x0000021140760000] _byte_map_base: 0x000002113ff5c000

Marking Bits: (CMBitMap*) 0x0000021128848cd0
 Bits: [0x0000021140760000, 0x00000211426c0000)

Polling page: 0x0000021126960000

Metaspace:

Usage:
  Non-class:     56.73 MB used.
      Class:      9.03 MB used.
       Both:     65.76 MB used.

Virtual space:
  Non-class space:       64.00 MB reserved,      57.12 MB ( 89%) committed,  1 nodes.
      Class space:        1.00 GB reserved,       9.31 MB ( <1%) committed,  1 nodes.
             Both:        1.06 GB reserved,      66.44 MB (  6%) committed. 

Chunk freelists:
   Non-Class:  6.27 MB
       Class:  6.64 MB
        Both:  12.91 MB

MaxMetaspaceSize: unlimited
CompressedClassSpaceSize: 1.00 GB
Initial GC threshold: 21.00 MB
Current GC threshold: 97.31 MB
CDS: on
 - commit_granule_bytes: 65536.
 - commit_granule_words: 8192.
 - virtual_space_node_default_size: 8388608.
 - enlarge_chunks_in_place: 1.
 - use_allocation_guard: 0.


Internal statistics:

num_allocs_failed_limit: 6.
num_arena_births: 970.
num_arena_deaths: 0.
num_vsnodes_births: 2.
num_vsnodes_deaths: 0.
num_space_committed: 1063.
num_space_uncommitted: 0.
num_chunks_returned_to_freelist: 6.
num_chunks_taken_from_freelist: 3452.
num_chunk_merges: 6.
num_chunk_splits: 2478.
num_chunks_enlarged: 1914.
num_inconsistent_stats: 0.

CodeHeap 'non-profiled nmethods': size=120000Kb used=3556Kb max_used=3556Kb free=116443Kb
 bounds [0x0000021138720000, 0x0000021138aa0000, 0x000002113fc50000]
CodeHeap 'profiled nmethods': size=120000Kb used=11382Kb max_used=11382Kb free=108617Kb
 bounds [0x0000021130c50000, 0x0000021131770000, 0x0000021138180000]
CodeHeap 'non-nmethods': size=5760Kb used=1659Kb max_used=1722Kb free=4100Kb
 bounds [0x0000021138180000, 0x00000211383f0000, 0x0000021138720000]
 total_blobs=6695 nmethods=5993 adapters=606
 compilation: enabled
              stopped_count=0, restarted_count=0
 full_count=0

Compilation events (20 events):
Event: 432.001 Thread 0x00000211450f7e30 6651   !   3       jdk.proxy1.$Proxy3::annotationType (29 bytes)
Event: 432.001 Thread 0x00000211450f7e30 nmethod 6651 0x0000021131766c90 code [0x0000021131766e60, 0x0000021131767260]
Event: 432.010 Thread 0x00000211450f7e30 6652       1       org.apache.tomcat.util.http.MimeHeaderField::getValue (5 bytes)
Event: 432.010 Thread 0x00000211450f7e30 nmethod 6652 0x0000021138a98a90 code [0x0000021138a98c20, 0x0000021138a98ce8]
Event: 432.010 Thread 0x00000211450f7e30 6653       3       java.nio.charset.CharsetDecoder::decode (152 bytes)
Event: 432.014 Thread 0x00000211450f7e30 nmethod 6653 0x0000021131767410 code [0x00000211317677a0, 0x00000211317690b8]
Event: 432.187 Thread 0x00000211450f7e30 6654       3       java.lang.invoke.LambdaFormEditor::getInCache (165 bytes)
Event: 432.188 Thread 0x00000211450f7e30 nmethod 6654 0x0000021131769990 code [0x0000021131769c20, 0x000002113176ab80]
Event: 432.190 Thread 0x00000211450f7e30 6655       3       org.springframework.core.annotation.AttributeMethods::isAttributeMethod (23 bytes)
Event: 432.190 Thread 0x00000211450f7e30 nmethod 6655 0x000002113176af10 code [0x000002113176b0c0, 0x000002113176b2d8]
Event: 432.193 Thread 0x00000211450f7e30 6656       3       org.springframework.core.annotation.AnnotationsScanner::isIgnorable (10 bytes)
Event: 432.194 Thread 0x00000211450f7e30 nmethod 6656 0x000002113176b410 code [0x000002113176b5e0, 0x000002113176b8e8]
Event: 432.194 Thread 0x00000211450f7e30 6657   !   3       jdk.proxy2.$Proxy118::annotationType (29 bytes)
Event: 432.194 Thread 0x00000211450f7e30 nmethod 6657 0x000002113176ba10 code [0x000002113176bbe0, 0x000002113176bfe0]
Event: 432.195 Thread 0x00000211450f7e30 6658       3       java.util.Optional::filter (35 bytes)
Event: 432.196 Thread 0x00000211450f7e30 nmethod 6658 0x000002113176c190 code [0x000002113176c380, 0x000002113176c8a8]
Event: 432.216 Thread 0x00000211450f7e30 6659       1       org.hibernate.stat.internal.StatisticsImpl::isStatisticsEnabled (5 bytes)
Event: 432.216 Thread 0x00000211450f7e30 nmethod 6659 0x0000021138a98d90 code [0x0000021138a98f20, 0x0000021138a98ff0]
Event: 432.218 Thread 0x00000211450f7e30 6660       3       org.antlr.v4.runtime.BufferedTokenStream::previousTokenOnChannel (69 bytes)
Event: 432.219 Thread 0x00000211450f7e30 nmethod 6660 0x000002113176ca10 code [0x000002113176cc40, 0x000002113176d5d0]

GC Heap History (20 events):
Event: 6.409 GC heap before
{Heap before GC invocations=6 (full 0):
 garbage-first heap   total 48128K, used 37371K [0x0000000082800000, 0x0000000100000000)
  region size 1024K, 22 young (22528K), 3 survivors (3072K)
 Metaspace       used 34604K, committed 35136K, reserved 1114112K
  class space    used 4473K, committed 4736K, reserved 1048576K
}
Event: 6.412 GC heap after
{Heap after GC invocations=7 (full 0):
 garbage-first heap   total 48128K, used 19185K [0x0000000082800000, 0x0000000100000000)
  region size 1024K, 2 young (2048K), 2 survivors (2048K)
 Metaspace       used 34604K, committed 35136K, reserved 1114112K
  class space    used 4473K, committed 4736K, reserved 1048576K
}
Event: 6.476 GC heap before
{Heap before GC invocations=7 (full 0):
 garbage-first heap   total 48128K, used 21233K [0x0000000082800000, 0x0000000100000000)
  region size 1024K, 5 young (5120K), 2 survivors (2048K)
 Metaspace       used 35403K, committed 35968K, reserved 1114112K
  class space    used 4603K, committed 4864K, reserved 1048576K
}
Event: 6.478 GC heap after
{Heap after GC invocations=8 (full 0):
 garbage-first heap   total 48128K, used 19267K [0x0000000082800000, 0x0000000100000000)
  region size 1024K, 2 young (2048K), 2 survivors (2048K)
 Metaspace       used 35403K, committed 35968K, reserved 1114112K
  class space    used 4603K, committed 4864K, reserved 1048576K
}
Event: 7.105 GC heap before
{Heap before GC invocations=9 (full 0):
 garbage-first heap   total 48128K, used 38723K [0x0000000082800000, 0x0000000100000000)
  region size 1024K, 22 young (22528K), 2 survivors (2048K)
 Metaspace       used 41575K, committed 42176K, reserved 1114112K
  class space    used 5387K, committed 5696K, reserved 1048576K
}
Event: 7.116 GC heap after
{Heap after GC invocations=10 (full 0):
 garbage-first heap   total 48128K, used 21503K [0x0000000082800000, 0x0000000100000000)
  region size 1024K, 3 young (3072K), 3 survivors (3072K)
 Metaspace       used 41575K, committed 42176K, reserved 1114112K
  class space    used 5387K, committed 5696K, reserved 1048576K
}
Event: 7.618 GC heap before
{Heap before GC invocations=10 (full 0):
 garbage-first heap   total 48128K, used 40959K [0x0000000082800000, 0x0000000100000000)
  region size 1024K, 22 young (22528K), 3 survivors (3072K)
 Metaspace       used 48354K, committed 48960K, reserved 1114112K
  class space    used 6446K, committed 6720K, reserved 1048576K
}
Event: 7.623 GC heap after
{Heap after GC invocations=11 (full 0):
 garbage-first heap   total 48128K, used 22625K [0x0000000082800000, 0x0000000100000000)
  region size 1024K, 2 young (2048K), 2 survivors (2048K)
 Metaspace       used 48354K, committed 48960K, reserved 1114112K
  class space    used 6446K, committed 6720K, reserved 1048576K
}
Event: 8.077 GC heap before
{Heap before GC invocations=11 (full 0):
 garbage-first heap   total 48128K, used 41057K [0x0000000082800000, 0x0000000100000000)
  region size 1024K, 20 young (20480K), 2 survivors (2048K)
 Metaspace       used 52298K, committed 52992K, reserved 1114112K
  class space    used 7049K, committed 7360K, reserved 1048576K
}
Event: 8.080 GC heap after
{Heap after GC invocations=12 (full 0):
 garbage-first heap   total 48128K, used 23209K [0x0000000082800000, 0x0000000100000000)
  region size 1024K, 2 young (2048K), 2 survivors (2048K)
 Metaspace       used 52298K, committed 52992K, reserved 1114112K
  class space    used 7049K, committed 7360K, reserved 1048576K
}
Event: 8.638 GC heap before
{Heap before GC invocations=12 (full 0):
 garbage-first heap   total 48128K, used 42665K [0x0000000082800000, 0x0000000100000000)
  region size 1024K, 21 young (21504K), 2 survivors (2048K)
 Metaspace       used 55557K, committed 56192K, reserved 1114112K
  class space    used 7447K, committed 7744K, reserved 1048576K
}
Event: 8.643 GC heap after
{Heap after GC invocations=13 (full 0):
 garbage-first heap   total 48128K, used 25064K [0x0000000082800000, 0x0000000100000000)
  region size 1024K, 3 young (3072K), 3 survivors (3072K)
 Metaspace       used 55557K, committed 56192K, reserved 1114112K
  class space    used 7447K, committed 7744K, reserved 1048576K
}
Event: 8.994 GC heap before
{Heap before GC invocations=13 (full 0):
 garbage-first heap   total 48128K, used 40424K [0x0000000082800000, 0x0000000100000000)
  region size 1024K, 19 young (19456K), 3 survivors (3072K)
 Metaspace       used 58771K, committed 59456K, reserved 1114112K
  class space    used 8084K, committed 8384K, reserved 1048576K
}
Event: 8.998 GC heap after
{Heap after GC invocations=14 (full 0):
 garbage-first heap   total 48128K, used 26938K [0x0000000082800000, 0x0000000100000000)
  region size 1024K, 3 young (3072K), 3 survivors (3072K)
 Metaspace       used 58771K, committed 59456K, reserved 1114112K
  class space    used 8084K, committed 8384K, reserved 1048576K
}
Event: 9.145 GC heap before
{Heap before GC invocations=15 (full 0):
 garbage-first heap   total 55296K, used 38202K [0x0000000082800000, 0x0000000100000000)
  region size 1024K, 15 young (15360K), 3 survivors (3072K)
 Metaspace       used 60122K, committed 60800K, reserved 1114112K
  class space    used 8314K, committed 8576K, reserved 1048576K
}
Event: 9.148 GC heap after
{Heap after GC invocations=16 (full 0):
 garbage-first heap   total 66560K, used 27555K [0x0000000082800000, 0x0000000100000000)
  region size 1024K, 1 young (1024K), 1 survivors (1024K)
 Metaspace       used 60122K, committed 60800K, reserved 1114112K
  class space    used 8314K, committed 8576K, reserved 1048576K
}
Event: 9.551 GC heap before
{Heap before GC invocations=16 (full 0):
 garbage-first heap   total 66560K, used 57251K [0x0000000082800000, 0x0000000100000000)
  region size 1024K, 30 young (30720K), 1 survivors (1024K)
 Metaspace       used 61009K, committed 61632K, reserved 1114112K
  class space    used 8403K, committed 8640K, reserved 1048576K
}
Event: 9.554 GC heap after
{Heap after GC invocations=17 (full 0):
 garbage-first heap   total 66560K, used 28626K [0x0000000082800000, 0x0000000100000000)
  region size 1024K, 2 young (2048K), 2 survivors (2048K)
 Metaspace       used 61009K, committed 61632K, reserved 1114112K
  class space    used 8403K, committed 8640K, reserved 1048576K
}
Event: 45.909 GC heap before
{Heap before GC invocations=17 (full 0):
 garbage-first heap   total 66560K, used 58322K [0x0000000082800000, 0x0000000100000000)
  region size 1024K, 31 young (31744K), 2 survivors (2048K)
 Metaspace       used 64507K, committed 65216K, reserved 1114112K
  class space    used 8889K, committed 9216K, reserved 1048576K
}
Event: 45.915 GC heap after
{Heap after GC invocations=18 (full 0):
 garbage-first heap   total 66560K, used 31001K [0x0000000082800000, 0x0000000100000000)
  region size 1024K, 4 young (4096K), 4 survivors (4096K)
 Metaspace       used 64507K, committed 65216K, reserved 1114112K
  class space    used 8889K, committed 9216K, reserved 1048576K
}

Dll operation events (14 events):
Event: 0.017 Loaded shared library C:\Program Files\Java\jdk-21\bin\java.dll
Event: 0.069 Loaded shared library C:\Program Files\Java\jdk-21\bin\jsvml.dll
Event: 0.183 Loaded shared library C:\Program Files\Java\jdk-21\bin\zip.dll
Event: 0.192 Loaded shared library C:\Program Files\Java\jdk-21\bin\instrument.dll
Event: 0.199 Loaded shared library C:\Program Files\Java\jdk-21\bin\net.dll
Event: 0.202 Loaded shared library C:\Program Files\Java\jdk-21\bin\nio.dll
Event: 0.207 Loaded shared library C:\Program Files\Java\jdk-21\bin\zip.dll
Event: 0.365 Loaded shared library D:\IntelliJ IDEA Community Edition 2023.2.2\bin\breakgen64.dll
Event: 0.380 Loaded shared library C:\Program Files\Java\jdk-21\bin\extnet.dll
Event: 0.420 Loaded shared library C:\Program Files\Java\jdk-21\bin\jimage.dll
Event: 1.002 Loaded shared library C:\Program Files\Java\jdk-21\bin\management.dll
Event: 1.004 Loaded shared library C:\Program Files\Java\jdk-21\bin\management_ext.dll
Event: 4.777 Loaded shared library C:\Program Files\Java\jdk-21\bin\sunmscapi.dll
Event: 6.176 Loaded shared library C:\Program Files\Java\jdk-21\bin\verify.dll

Deoptimization events (20 events):
Event: 10.271 Thread 0x0000021145b5f330 Uncommon trap: trap_request=0xffffff45 fr.pc=0x0000021138a0442c relative=0x00000000000015ec
Event: 10.271 Thread 0x0000021145b5f330 Uncommon trap: reason=unstable_if action=reinterpret pc=0x0000021138a0442c method=org.springframework.core.annotation.AnnotationsScanner.processClassInheritedAnnotations(Ljava/lang/Object;Ljava/lang/Class;Lorg/springframework/core/annotation/MergedAnnotat
Event: 10.271 Thread 0x0000021145b5f330 DEOPT PACKING pc=0x0000021138a0442c sp=0x00000074e66fe560
Event: 10.271 Thread 0x0000021145b5f330 DEOPT UNPACKING pc=0x00000211381d46a2 sp=0x00000074e66fe458 mode 2
Event: 10.343 Thread 0x0000021145b5f330 Uncommon trap: trap_request=0xffffff45 fr.pc=0x0000021138799210 relative=0x0000000000000070
Event: 10.343 Thread 0x0000021145b5f330 Uncommon trap: reason=unstable_if action=reinterpret pc=0x0000021138799210 method=org.springframework.util.ConcurrentReferenceHashMap$Segment.clear()V @ 7 c2
Event: 10.343 Thread 0x0000021145b5f330 DEOPT PACKING pc=0x0000021138799210 sp=0x00000074e66fe690
Event: 10.343 Thread 0x0000021145b5f330 DEOPT UNPACKING pc=0x00000211381d46a2 sp=0x00000074e66fe620 mode 2
Event: 10.347 Thread 0x0000021145b5f330 Uncommon trap: trap_request=0xffffff45 fr.pc=0x00000211387b8b50 relative=0x0000000000000110
Event: 10.347 Thread 0x0000021145b5f330 Uncommon trap: reason=unstable_if action=reinterpret pc=0x00000211387b8b50 method=java.lang.ref.ReferenceQueue.poll()Ljava/lang/ref/Reference; @ 4 c2
Event: 10.347 Thread 0x0000021145b5f330 DEOPT PACKING pc=0x00000211387b8b50 sp=0x00000074e66fe720
Event: 10.347 Thread 0x0000021145b5f330 DEOPT UNPACKING pc=0x00000211381d46a2 sp=0x00000074e66fe5e8 mode 2
Event: 431.773 Thread 0x000002118c856300 Uncommon trap: trap_request=0xffffff45 fr.pc=0x0000021138a58e4c relative=0x00000000000043ac
Event: 431.773 Thread 0x000002118c856300 Uncommon trap: reason=unstable_if action=reinterpret pc=0x0000021138a58e4c method=org.springframework.beans.factory.support.AbstractBeanFactory.isTypeMatch(Ljava/lang/String;Lorg/springframework/core/ResolvableType;Z)Z @ 35 c2
Event: 431.773 Thread 0x000002118c856300 DEOPT PACKING pc=0x0000021138a58e4c sp=0x00000074e78fe3c0
Event: 431.773 Thread 0x000002118c856300 DEOPT UNPACKING pc=0x00000211381d46a2 sp=0x00000074e78fe3e0 mode 2
Event: 432.189 Thread 0x000002118f5aa6d0 Uncommon trap: trap_request=0xffffffc6 fr.pc=0x0000021138a400c4 relative=0x00000000000010e4
Event: 432.189 Thread 0x000002118f5aa6d0 Uncommon trap: reason=bimorphic_or_optimized_type_check action=maybe_recompile pc=0x0000021138a400c4 method=java.util.concurrent.ConcurrentHashMap.putVal(Ljava/lang/Object;Ljava/lang/Object;Z)Ljava/lang/Object; @ 242 c2
Event: 432.189 Thread 0x000002118f5aa6d0 DEOPT PACKING pc=0x0000021138a400c4 sp=0x00000074e7cfd230
Event: 432.189 Thread 0x000002118f5aa6d0 DEOPT UNPACKING pc=0x00000211381d46a2 sp=0x00000074e7cfd1b0 mode 2

Classes loaded (20 events):
Event: 431.619 Loading class sun/nio/cs/ThreadLocalCoders$1
Event: 431.619 Loading class sun/nio/cs/ThreadLocalCoders$Cache
Event: 431.619 Loading class sun/nio/cs/ThreadLocalCoders$Cache done
Event: 431.619 Loading class sun/nio/cs/ThreadLocalCoders$1 done
Event: 431.620 Loading class sun/nio/cs/ThreadLocalCoders$2
Event: 431.620 Loading class sun/nio/cs/ThreadLocalCoders$2 done
Event: 431.931 Loading class java/time/format/DateTimeFormatterBuilder$ZoneTextPrinterParser
Event: 431.932 Loading class java/time/format/DateTimeFormatterBuilder$ZoneTextPrinterParser done
Event: 431.932 Loading class java/time/format/DateTimeFormatterBuilder$ReducedPrinterParser
Event: 431.932 Loading class java/time/format/DateTimeFormatterBuilder$ReducedPrinterParser done
Event: 432.013 Loading class java/io/PushbackInputStream
Event: 432.013 Loading class java/io/PushbackInputStream done
Event: 432.019 Loading class java/util/OptionalLong
Event: 432.020 Loading class java/util/OptionalLong done
Event: 432.020 Loading class java/util/OptionalDouble
Event: 432.020 Loading class java/util/OptionalDouble done
Event: 432.037 Loading class org/w3c/dom/Node
Event: 432.038 Loading class org/w3c/dom/Node done
Event: 432.038 Loading class org/w3c/dom/Document
Event: 432.039 Loading class org/w3c/dom/Document done

Classes unloaded (0 events):
No events

Classes redefined (0 events):
No events

Internal exceptions (20 events):
Event: 8.267 Thread 0x0000021145b5f330 Exception <a 'java/lang/NoSuchMethodError'{0x0000000087374aa0}: 'void java.lang.invoke.Invokers$Holder.invokeExact_MT(java.lang.Object, java.lang.Object, java.lang.Object, java.lang.Object)'> (0x0000000087374aa0) 
thrown [s\open\src\hotspot\share\interpreter\linkResolver.cpp, line 773]
Event: 8.353 Thread 0x0000021145b5f330 Exception <a 'java/lang/IncompatibleClassChangeError'{0x0000000086f1c628}: Found class java.lang.Object, but interface was expected> (0x0000000086f1c628) 
thrown [s\open\src\hotspot\share\interpreter\linkResolver.cpp, line 840]
Event: 8.361 Thread 0x0000021145b5f330 Implicit null exception at 0x0000021138992ee4 to 0x0000021138994a58
Event: 8.368 Thread 0x0000021145b5f330 Exception <a 'java/lang/IncompatibleClassChangeError'{0x0000000086f85770}: Found class java.lang.Object, but interface was expected> (0x0000000086f85770) 
thrown [s\open\src\hotspot\share\interpreter\linkResolver.cpp, line 840]
Event: 8.413 Thread 0x0000021145b5f330 Exception <a 'java/lang/IncompatibleClassChangeError'{0x0000000086ebd4b8}: Found class java.lang.Object, but interface was expected> (0x0000000086ebd4b8) 
thrown [s\open\src\hotspot\share\interpreter\linkResolver.cpp, line 840]
Event: 8.530 Thread 0x0000021145b5f330 Exception <a 'java/lang/IncompatibleClassChangeError'{0x0000000084a620f8}: Found class java.lang.Object, but interface was expected> (0x0000000084a620f8) 
thrown [s\open\src\hotspot\share\interpreter\linkResolver.cpp, line 840]
Event: 9.536 Thread 0x0000021145b5f330 Exception <a 'java/lang/NoSuchMethodError'{0x0000000084b6d680}: 'java.lang.Object java.lang.invoke.DirectMethodHandle$Holder.newInvokeSpecial(java.lang.Object, java.lang.Object, java.lang.Object, java.lang.Object, java.lang.Object, java.lang.Object, java.lang.Object, java.lang.Object)'> (0x0000000084b6d680) 
thrown [s\open\src\hotspot\share\interpreter\linkResolver.cpp, line 773]
Event: 9.710 Thread 0x0000021145b5f330 Exception <a 'java/lang/NoSuchMethodError'{0x0000000086e2acb8}: 'void java.lang.invoke.DirectMethodHandle$Holder.invokeVirtual(java.lang.Object, java.lang.Object, long)'> (0x0000000086e2acb8) 
thrown [s\open\src\hotspot\share\interpreter\linkResolver.cpp, line 773]
Event: 9.929 Thread 0x0000021145b5f330 Exception <a 'java/lang/IncompatibleClassChangeError'{0x0000000085c83440}: Found class java.lang.Object, but interface was expected> (0x0000000085c83440) 
thrown [s\open\src\hotspot\share\interpreter\linkResolver.cpp, line 840]
Event: 9.983 Thread 0x0000021145b5f330 Exception <a 'java/lang/NoSuchMethodError'{0x0000000085beef80}: 'int java.lang.invoke.DirectMethodHandle$Holder.invokeStaticInit(java.lang.Object, java.lang.Object, java.lang.Object, java.lang.Object)'> (0x0000000085beef80) 
thrown [s\open\src\hotspot\share\interpreter\linkResolver.cpp, line 773]
Event: 10.122 Thread 0x0000021145b5f330 Exception <a 'java/lang/IncompatibleClassChangeError'{0x00000000856b9f48}: Found class java.lang.Object, but interface was expected> (0x00000000856b9f48) 
thrown [s\open\src\hotspot\share\interpreter\linkResolver.cpp, line 840]
Event: 10.131 Thread 0x0000021145b5f330 Exception <a 'java/lang/NoSuchMethodError'{0x0000000085513c78}: 'java.lang.Object java.lang.invoke.DirectMethodHandle$Holder.newInvokeSpecial(java.lang.Object, java.lang.Object, java.lang.Object, int, int)'> (0x0000000085513c78) 
thrown [s\open\src\hotspot\share\interpreter\linkResolver.cpp, line 773]
Event: 10.143 Thread 0x0000021145b5f330 Exception <a 'java/lang/IncompatibleClassChangeError'{0x000000008556be38}: Found class java.lang.Object, but interface was expected> (0x000000008556be38) 
thrown [s\open\src\hotspot\share\interpreter\linkResolver.cpp, line 840]
Event: 10.152 Thread 0x0000021145b5f330 Exception <a 'java/lang/NoSuchMethodError'{0x00000000855d4ef8}: 'java.lang.Object java.lang.invoke.DirectMethodHandle$Holder.invokeVirtual(java.lang.Object, java.lang.Object, java.lang.Object, java.lang.Object, java.lang.Object, java.lang.Object, java.lang.Object)'> (0x00000000855d4ef8) 
thrown [s\open\src\hotspot\share\interpreter\linkResolver.cpp, line 773]
Event: 10.285 Thread 0x0000021145b5f330 Exception <a 'java/lang/NoSuchMethodError'{0x00000000851d2098}: 'java.lang.Object java.lang.invoke.DirectMethodHandle$Holder.newInvokeSpecial(java.lang.Object, java.lang.Object, int, java.lang.Object, java.lang.Object)'> (0x00000000851d2098) 
thrown [s\open\src\hotspot\share\interpreter\linkResolver.cpp, line 773]
Event: 10.285 Thread 0x0000021145b5f330 Exception <a 'java/lang/NoSuchMethodError'{0x00000000851dcf48}: 'java.lang.Object java.lang.invoke.DirectMethodHandle$Holder.invokeSpecial(java.lang.Object, java.lang.Object, int, java.lang.Object, int, java.lang.Object)'> (0x00000000851dcf48) 
thrown [s\open\src\hotspot\share\interpreter\linkResolver.cpp, line 773]
Event: 10.286 Thread 0x0000021145b5f330 Exception <a 'java/lang/NoSuchMethodError'{0x00000000851e43a8}: 'java.lang.Object java.lang.invoke.DirectMethodHandle$Holder.newInvokeSpecial(java.lang.Object, java.lang.Object, int, java.lang.Object, int)'> (0x00000000851e43a8) 
thrown [s\open\src\hotspot\share\interpreter\linkResolver.cpp, line 773]
Event: 10.287 Thread 0x0000021145b5f330 Exception <a 'java/lang/NoSuchMethodError'{0x00000000851e8218}: 'java.lang.Object java.lang.invoke.DirectMethodHandle$Holder.invokeSpecial(java.lang.Object, java.lang.Object, java.lang.Object, int, java.lang.Object, int)'> (0x00000000851e8218) 
thrown [s\open\src\hotspot\share\interpreter\linkResolver.cpp, line 773]
Event: 431.606 Thread 0x000002118c856300 Exception <a 'java/lang/NoSuchMethodError'{0x0000000085675b20}: 'java.lang.Object java.lang.invoke.DirectMethodHandle$Holder.invokeSpecial(java.lang.Object, java.lang.Object, java.lang.Object, java.lang.Object, java.lang.Object, long)'> (0x0000000085675b20) 
thrown [s\open\src\hotspot\share\interpreter\linkResolver.cpp, line 773]
Event: 431.607 Thread 0x000002118c856300 Exception <a 'java/lang/NoSuchMethodError'{0x00000000856792e0}: 'java.lang.Object java.lang.invoke.Invokers$Holder.linkToTargetMethod(java.lang.Object, java.lang.Object, java.lang.Object, long, java.lang.Object)'> (0x00000000856792e0) 
thrown [s\open\src\hotspot\share\interpreter\linkResolver.cpp, line 773]

ZGC Phase Switch (0 events):
No events

VM Operations (20 events):
Event: 208.585 Executing VM operation: Cleanup
Event: 208.585 Executing VM operation: Cleanup done
Event: 213.629 Executing VM operation: Cleanup
Event: 213.629 Executing VM operation: Cleanup done
Event: 266.140 Executing VM operation: Cleanup
Event: 266.140 Executing VM operation: Cleanup done
Event: 307.563 Executing VM operation: Cleanup
Event: 307.563 Executing VM operation: Cleanup done
Event: 310.598 Executing VM operation: Cleanup
Event: 310.598 Executing VM operation: Cleanup done
Event: 381.315 Executing VM operation: Cleanup
Event: 381.315 Executing VM operation: Cleanup done
Event: 415.665 Executing VM operation: Cleanup
Event: 415.665 Executing VM operation: Cleanup done
Event: 431.679 Executing VM operation: HandshakeAllThreads (Deoptimize)
Event: 431.681 Executing VM operation: HandshakeAllThreads (Deoptimize) done
Event: 431.681 Executing VM operation: Cleanup
Event: 431.681 Executing VM operation: Cleanup done
Event: 432.069 Executing VM operation: HandshakeAllThreads (Deoptimize)
Event: 432.069 Executing VM operation: HandshakeAllThreads (Deoptimize) done

Events (20 events):
Event: 10.266 Thread 0x000002118c8583d0 Thread added: 0x000002118c8583d0
Event: 10.301 Thread 0x000002118c856300 Thread added: 0x000002118c856300
Event: 10.301 Thread 0x000002118c856990 Thread added: 0x000002118c856990
Event: 10.301 Thread 0x000002118c8576b0 Thread added: 0x000002118c8576b0
Event: 10.301 Thread 0x000002118f5aa6d0 Thread added: 0x000002118f5aa6d0
Event: 10.301 Thread 0x000002118f5a3dd0 Thread added: 0x000002118f5a3dd0
Event: 10.302 Thread 0x000002118f5aad60 Thread added: 0x000002118f5aad60
Event: 10.302 Thread 0x000002118f5a5180 Thread added: 0x000002118f5a5180
Event: 10.302 Thread 0x000002118f5aa040 Thread added: 0x000002118f5aa040
Event: 10.302 Thread 0x000002118f5a9320 Thread added: 0x000002118f5a9320
Event: 10.302 Thread 0x000002118f5a5810 Thread added: 0x000002118f5a5810
Event: 10.325 Thread 0x000002118f5a4af0 Thread added: 0x000002118f5a4af0
Event: 10.327 Thread 0x000002118f5a8600 Thread added: 0x000002118f5a8600
Event: 10.353 Thread 0x0000021145b5f330 Thread exited: 0x0000021145b5f330
Event: 10.357 Thread 0x00000211458a0d90 Thread exited: 0x00000211458a0d90
Event: 10.357 Thread 0x000002112661a220 Thread exited: 0x000002112661a220
Event: 10.358 Thread 0x000002118f5a78e0 Thread added: 0x000002118f5a78e0
Event: 10.872 Thread 0x000002118fbc0890 Thread exited: 0x000002118fbc0890
Event: 11.275 Thread 0x000002114590d760 Thread exited: 0x000002114590d760
Event: 12.009 Thread 0x000002118c8590f0 Thread exited: 0x000002118c8590f0


Dynamic libraries:
0x00007ff719cf0000 - 0x00007ff719d00000 	C:\Program Files\Java\jdk-21\bin\java.exe
0x00007ffbbdc00000 - 0x00007ffbbde09000 	C:\Windows\SYSTEM32\ntdll.dll
0x00007ffbbc7e0000 - 0x00007ffbbc89d000 	C:\Windows\System32\KERNEL32.DLL
0x00007ffbbb4f0000 - 0x00007ffbbb874000 	C:\Windows\System32\KERNELBASE.dll
0x00007ffbbb260000 - 0x00007ffbbb371000 	C:\Windows\System32\ucrtbase.dll
0x00007ffbb6610000 - 0x00007ffbb662b000 	C:\Program Files\Java\jdk-21\bin\VCRUNTIME140.dll
0x00007ffbb7a00000 - 0x00007ffbb7a19000 	C:\Program Files\Java\jdk-21\bin\jli.dll
0x00007ffbbbcc0000 - 0x00007ffbbbd6e000 	C:\Windows\System32\ADVAPI32.dll
0x00007ffbbc0f0000 - 0x00007ffbbc193000 	C:\Windows\System32\msvcrt.dll
0x00007ffbbbc20000 - 0x00007ffbbbcbe000 	C:\Windows\System32\sechost.dll
0x00007ffbbc940000 - 0x00007ffbbca61000 	C:\Windows\System32\RPCRT4.dll
0x00007ffbbc630000 - 0x00007ffbbc7dd000 	C:\Windows\System32\USER32.dll
0x00007ffba6b20000 - 0x00007ffba6dc5000 	C:\Windows\WinSxS\amd64_microsoft.windows.common-controls_6595b64144ccf1df_6.0.22000.120_none_9d947278b86cc467\COMCTL32.dll
0x00007ffbbba20000 - 0x00007ffbbba46000 	C:\Windows\System32\win32u.dll
0x00007ffbbcb00000 - 0x00007ffbbcb2a000 	C:\Windows\System32\GDI32.dll
0x00007ffbbb880000 - 0x00007ffbbb99e000 	C:\Windows\System32\gdi32full.dll
0x00007ffbbb090000 - 0x00007ffbbb12d000 	C:\Windows\System32\msvcp_win.dll
0x00007ffbb30b0000 - 0x00007ffbb30ba000 	C:\Windows\SYSTEM32\VERSION.dll
0x00007ffbbc8a0000 - 0x00007ffbbc8d1000 	C:\Windows\System32\IMM32.DLL
0x00007ffbb8150000 - 0x00007ffbb815c000 	C:\Program Files\Java\jdk-21\bin\vcruntime140_1.dll
0x00007ffb9f090000 - 0x00007ffb9f11e000 	C:\Program Files\Java\jdk-21\bin\msvcp140.dll
0x00007ffb5ed00000 - 0x00007ffb5fa13000 	C:\Program Files\Java\jdk-21\bin\server\jvm.dll
0x00007ffbbcd20000 - 0x00007ffbbcd8f000 	C:\Windows\System32\WS2_32.dll
0x00007ffbb96f0000 - 0x00007ffbb973d000 	C:\Windows\SYSTEM32\POWRPROF.dll
0x00007ffbb5300000 - 0x00007ffbb5333000 	C:\Windows\SYSTEM32\WINMM.dll
0x00007ffbb98d0000 - 0x00007ffbb98e3000 	C:\Windows\SYSTEM32\UMPDC.dll
0x00007ffbba0d0000 - 0x00007ffbba0e8000 	C:\Windows\SYSTEM32\kernel.appcore.dll
0x00007ffbb78d0000 - 0x00007ffbb78da000 	C:\Program Files\Java\jdk-21\bin\jimage.dll
0x00007ffba9680000 - 0x00007ffba98a1000 	C:\Windows\SYSTEM32\DBGHELP.DLL
0x00007ffba57f0000 - 0x00007ffba5821000 	C:\Windows\SYSTEM32\dbgcore.DLL
0x00007ffbbb9a0000 - 0x00007ffbbba1f000 	C:\Windows\System32\bcryptPrimitives.dll
0x00007ffbb5760000 - 0x00007ffbb576f000 	C:\Program Files\Java\jdk-21\bin\instrument.dll
0x00007ffbb4aa0000 - 0x00007ffbb4abf000 	C:\Program Files\Java\jdk-21\bin\java.dll
0x00007ffbbd2b0000 - 0x00007ffbbda75000 	C:\Windows\System32\SHELL32.dll
0x00007ffbb8e70000 - 0x00007ffbb96d2000 	C:\Windows\SYSTEM32\windows.storage.dll
0x00007ffbbbd70000 - 0x00007ffbbc0e6000 	C:\Windows\System32\combase.dll
0x00007ffbb8d00000 - 0x00007ffbb8e67000 	C:\Windows\SYSTEM32\wintypes.dll
0x00007ffbbd110000 - 0x00007ffbbd1fa000 	C:\Windows\System32\SHCORE.dll
0x00007ffbbc8e0000 - 0x00007ffbbc93d000 	C:\Windows\System32\shlwapi.dll
0x00007ffbbafc0000 - 0x00007ffbbafe5000 	C:\Windows\SYSTEM32\profapi.dll
0x00007ffb82a30000 - 0x00007ffb82b07000 	C:\Program Files\Java\jdk-21\bin\jsvml.dll
0x00007ffbab250000 - 0x00007ffbab268000 	C:\Program Files\Java\jdk-21\bin\zip.dll
0x00007ffbb5a00000 - 0x00007ffbb5a10000 	C:\Program Files\Java\jdk-21\bin\net.dll
0x00007ffbba0f0000 - 0x00007ffbba204000 	C:\Windows\SYSTEM32\WINHTTP.dll
0x00007ffbba6a0000 - 0x00007ffbba707000 	C:\Windows\system32\mswsock.dll
0x00007ffbabb50000 - 0x00007ffbabb66000 	C:\Program Files\Java\jdk-21\bin\nio.dll
0x00007ffbaa860000 - 0x00007ffbaa87a000 	D:\IntelliJ IDEA Community Edition 2023.2.2\bin\breakgen64.dll
0x00007ffbb4a60000 - 0x00007ffbb4a67000 	C:\Program Files\Java\jdk-21\bin\extnet.dll
0x00007ffbb52a0000 - 0x00007ffbb52aa000 	C:\Program Files\Java\jdk-21\bin\management.dll
0x00007ffbb4a90000 - 0x00007ffbb4a9b000 	C:\Program Files\Java\jdk-21\bin\management_ext.dll
0x00007ffbbbc00000 - 0x00007ffbbbc08000 	C:\Windows\System32\PSAPI.DLL
0x00007ffbba8e0000 - 0x00007ffbba8f8000 	C:\Windows\SYSTEM32\CRYPTSP.dll
0x00007ffbba030000 - 0x00007ffbba065000 	C:\Windows\system32\rsaenh.dll
0x00007ffbba790000 - 0x00007ffbba7bc000 	C:\Windows\SYSTEM32\USERENV.dll
0x00007ffbbaa60000 - 0x00007ffbbaa87000 	C:\Windows\SYSTEM32\bcrypt.dll
0x00007ffbba900000 - 0x00007ffbba90c000 	C:\Windows\SYSTEM32\CRYPTBASE.dll
0x00007ffbb9990000 - 0x00007ffbb99bd000 	C:\Windows\SYSTEM32\IPHLPAPI.DLL
0x00007ffbbc620000 - 0x00007ffbbc629000 	C:\Windows\System32\NSI.dll
0x00007ffbabbd0000 - 0x00007ffbabbde000 	C:\Program Files\Java\jdk-21\bin\sunmscapi.dll
0x00007ffbbb380000 - 0x00007ffbbb4e2000 	C:\Windows\System32\CRYPT32.dll
0x00007ffbbaa30000 - 0x00007ffbbaa58000 	C:\Windows\SYSTEM32\ncrypt.dll
0x00007ffbba9f0000 - 0x00007ffbbaa27000 	C:\Windows\SYSTEM32\NTASN1.dll
0x00007ffbb5380000 - 0x00007ffbb5390000 	C:\Program Files\Java\jdk-21\bin\verify.dll
0x00007ffbb99c0000 - 0x00007ffbb9aa7000 	C:\Windows\SYSTEM32\DNSAPI.dll
0x00007ffbb18c0000 - 0x00007ffbb18ca000 	C:\Windows\System32\rasadhlp.dll
0x00007ffbb3b20000 - 0x00007ffbb3ba1000 	C:\Windows\System32\fwpuclnt.dll
0x00007ffba2db0000 - 0x00007ffba2db8000 	C:\Windows\system32\wshunix.dll

dbghelp: loaded successfully - version: 4.0.5 - missing functions: none
symbol engine: initialized successfully - sym options: 0x614 - pdb path: .;C:\Program Files\Java\jdk-21\bin;C:\Windows\SYSTEM32;C:\Windows\WinSxS\amd64_microsoft.windows.common-controls_6595b64144ccf1df_6.0.22000.120_none_9d947278b86cc467;C:\Program Files\Java\jdk-21\bin\server;D:\IntelliJ IDEA Community Edition 2023.2.2\bin

VM Arguments:
jvm_args: -javaagent:D:\IntelliJ IDEA Community Edition 2023.2.2\lib\idea_rt.jar=52499:D:\IntelliJ IDEA Community Edition 2023.2.2\bin -Dfile.encoding=UTF-8 -Dsun.stdout.encoding=UTF-8 -Dsun.stderr.encoding=UTF-8 
java_command: com.example.SmartHouse.SmartHouseApplication
java_class_path (initial): F:\PROJECT\DATN\SmartHouse\Backend\target\classes;C:\Users\20182746\.m2\repository\org\springframework\boot\spring-boot-starter-data-jdbc\3.1.5\spring-boot-starter-data-jdbc-3.1.5.jar;C:\Users\20182746\.m2\repository\org\springframework\boot\spring-boot-starter-jdbc\3.1.5\spring-boot-starter-jdbc-3.1.5.jar;C:\Users\20182746\.m2\repository\com\zaxxer\HikariCP\5.0.1\HikariCP-5.0.1.jar;C:\Users\20182746\.m2\repository\org\springframework\spring-jdbc\6.0.13\spring-jdbc-6.0.13.jar;C:\Users\20182746\.m2\repository\org\springframework\data\spring-data-jdbc\3.1.5\spring-data-jdbc-3.1.5.jar;C:\Users\20182746\.m2\repository\org\springframework\data\spring-data-relational\3.1.5\spring-data-relational-3.1.5.jar;C:\Users\20182746\.m2\repository\org\springframework\data\spring-data-commons\3.1.5\spring-data-commons-3.1.5.jar;C:\Users\20182746\.m2\repository\org\springframework\spring-tx\6.0.13\spring-tx-6.0.13.jar;C:\Users\20182746\.m2\repository\org\springframework\spring-context\6.0.13\spring-context-6.0.13.jar;C:\Users\20182746\.m2\repository\org\springframework\spring-beans\6.0.13\spring-beans-6.0.13.jar;C:\Users\20182746\.m2\repository\org\springframework\spring-core\6.0.13\spring-core-6.0.13.jar;C:\Users\20182746\.m2\repository\org\springframework\spring-jcl\6.0.13\spring-jcl-6.0.13.jar;C:\Users\20182746\.m2\repository\org\slf4j\slf4j-api\2.0.9\slf4j-api-2.0.9.jar;C:\Users\20182746\.m2\repository\org\springframework\boot\spring-boot-starter-data-jpa\3.1.5\spring-boot-starter-data-jpa-3.1.5.jar;C:\Users\20182746\.m2\repository\org\springframework\boot\spring-boot-starter-aop\3.1.5\spring-boot-starter-aop-3.1.5.jar;C:\Users\20182746\.m2\repository\org\springframework\spring-aop\6.0.13\spring-aop-6.0.13.jar;C:\Users\20182746\.m2\repository\org\aspectj\aspectjweaver\1.9.20\aspectjweaver-1.9.20.jar;C:\Users\20182746\.m2\repository\org\hibernate\orm\hibernate-core\6.2.13.Final\hibernate-core-6.2.13.Final.jar;C:\Users\20182746\.m2\repository\jakarta\persistence\jakarta.persistence-api\3.1.0\jakarta.persistence-api-3.1.0.jar;C:\Users\20182746\.m2\repository\jakarta\transaction\jakarta.transaction-api\2.0.1\jakarta.transaction-api-2.0.1.jar;C:\Users\20182746\.m2\repository\org\jboss\logging\jboss-logging\3.5.3.Final\jboss-logging-3.5.3.Final.jar;C:\Users\20182746\.m2\repository\org\hibernate\common\hibernate-commons-annotations\6.0.6.Final\hibernate-commons-annotations-6.0.6.Final.jar;C:\Users\20182746\.m2\repository\io\smallrye\jandex\3.0.5\jandex-3.0.5.jar;C:\Users\20182746\.m2\repository\com\fasterxml\classmate\1.5.1\classmate-1.5.1.jar;C:\Users\20182746\.m2\repository\net\bytebuddy\byte-buddy\1.14.9\byte-buddy-1.14.9.jar;C:\Users\20182746\.m2\repository\jakarta\xml\bind\jakarta.xml.bind-api\4.0.1\jakarta.xml.bind-api-4.0.1.jar;C:\Users\20182746\.m2\repository\jakarta\activation\jakarta.activation-api\2.1.2\jakarta.activation-api-2.1.2.jar;C:\Users\20182746\.m2\repository\org\glassfish\jaxb\jaxb-runtime\4.0.3\jaxb-runtime-4.0.3.jar;C:\Users\20182746\.m2\repository\org\glassfish\jaxb\jaxb-core\4.0.3\jaxb-core-4.0.3.jar;C:\Users\20182746\.m2\repository\org\eclipse\angus\angus-activation\2.0.1\angus-activation-2.0.1.jar;C:\Users\20182746\.m2\repository\org\glassfish\jaxb\txw2\4.0.3\txw2-4.0.3.jar;C:\Users\20182746\.m2\repository\com\sun\istack\istack-commons-runtime\4.1.2\istack-commons-runtime-4.1.2.jar;C:\Users\20182746\.m2\repository\jakarta\inject\jakarta.inject-api\2.0.1\jakarta.inject-api-2.0.1.jar;C:\Users\20182746\.m2\repository\org\antlr\antlr4-runtime\4.10.1\antlr4-runtime-4.10.1.jar;C:\Users\20182746\.m2\repository\org\springframework\data\spring-data-jpa\3.1.5\spring-data-jpa-3.1.5.jar;C:\Users\20182746\.m2\repository\org\springframework\spring-orm\6.0.13\spring-orm-6.0.13.jar;C:\Users\20182746\.m2\repository\jakarta\annotation\jakarta.annotation-api\2.1.1\jakarta.annotation-api-2.1.1.jar;C:\Users\20182746\.m2\repository\org\springframework\spring-aspects\6.0.13\spring-aspects-6.0.13.jar;C:\Users\20182746\.m2\repository\org\springframework\boot\spring-boot-starter-web\3.1.5\spring-boot-starter-web-3.1.5.jar;C:\Users\20182746\.m2\repository\org\springframework\boot\spring-boot-starter\3.1.5\spring-boot-starter-3.1.5.jar;C:\Users\20182746\.m2\repository\org\springframework\boot\spring-boot-starter-logging\3.1.5\spring-boot-starter-logging-3.1.5.jar;C:\Users\20182746\.m2\repository\ch\qos\logback\logback-classic\1.4.11\logback-classic-1.4.11.jar;C:\Users\20182746\.m2\repository\ch\qos\logback\logback-core\1.4.11\logback-core-1.4.11.jar;C:\Users\20182746\.m2\repository\org\apache\logging\log4j\log4j-to-slf4j\2.20.0\log4j-to-slf4j-2.20.0.jar;C:\Users\20182746\.m2\repository\org\apache\logging\log4j\log4j-api\2.20.0\log4j-api-2.20.0.jar;C:\Users\20182746\.m2\repository\org\slf4j\jul-to-slf4j\2.0.9\jul-to-slf4j-2.0.9.jar;C:\Users\20182746\.m2\repository\org\yaml\snakeyaml\1.33\snakeyaml-1.33.jar;C:\Users\20182746\.m2\repository\org\springframework\boot\spring-boot-starter-json\3.1.5\spring-boot-starter-json-3.1.5.jar;C:\Users\20182746\.m2\repository\com\fasterxml\jackson\core\jackson-databind\2.15.3\jackson-databind-2.15.3.jar;C:\Users\20182746\.m2\repository\com\fasterxml\jackson\core\jackson-annotations\2.15.3\jackson-annotations-2.15.3.jar;C:\Users\20182746\.m2\repository\com\fasterxml\jackson\core\jackson-core\2.15.3\jackson-core-2.15.3.jar;C:\Users\20182746\.m2\repository\com\fasterxml\jackson\datatype\jackson-datatype-jdk8\2.15.3\jackson-datatype-jdk8-2.15.3.jar;C:\Users\20182746\.m2\repository\com\fasterxml\jackson\datatype\jackson-datatype-jsr310\2.15.3\jackson-datatype-jsr310-2.15.3.jar;C:\Users\20182746\.m2\repository\com\fasterxml\jackson\module\jackson-module-parameter-names\2.15.3\jackson-module-parameter-names-2.15.3.jar;C:\Users\20182746\.m2\repository\org\springframework\boot\spring-boot-starter-tomcat\3.1.5\spring-boot-starter-tomcat-3.1.5.jar;C:\Users\20182746\.m2\repository\org\apache\tomcat\embed\tomcat-embed-core\10.1.15\tomcat-embed-core-10.1.15.jar;C:\Users\20182746\.m2\repository\org\apache\tomcat\embed\tomcat-embed-el\10.1.15\tomcat-embed-el-10.1.15.jar;C:\Users\20182746\.m2\repository\org\apache\tomcat\embed\tomcat-embed-websocket\10.1.15\tomcat-embed-websocket-10.1.15.jar;C:\Users\20182746\.m2\repository\org\springframework\spring-web\6.0.13\spring-web-6.0.13.jar;C:\Users\20182746\.m2\repository\io\micrometer\micrometer-observation\1.11.5\micrometer-observation-1.11.5.jar;C:\Users\20182746\.m2\repository\io\micrometer\micrometer-commons\1.11.5\micrometer-commons-1.11.5.jar;C:\Users\20182746\.m2\repository\org\springframework\spring-webmvc\6.0.13\spring-webmvc-6.0.13.jar;C:\Users\20182746\.m2\repository\org\springframework\spring-expression\6.0.13\spring-expression-6.0.13.jar;C:\Users\20182746\.m2\repository\org\springframework\boot\spring-boot-devtools\3.1.5\spring-boot-devtools-3.1.5.jar;C:\Users\20182746\.m2\repository\org\springframework\boot\spring-boot\3.1.5\spring-boot-3.1.5.jar;C:\Users\20182746\.m2\repository\org\springframework\boot\spring-boot-autoconfigure\3.1.5\spring-boot-autoconfigure-3.1.5.jar;C:\Users\20182746\.m2\repository\com\mysql\mysql-connector-j\8.0.33\mysql-connector-j-8.0.33.jar;C:\Users\20182746\.m2\repository\org\projectlombok\lombok\1.18.30\lombok-1.18.30.jar;C:\Users\20182746\.m2\repository\org\springframework\boot\spring-boot-starter-websocket\3.1.5\spring-boot-starter-websocket-3.1.5.jar;C:\Users\20182746\.m2\repository\org\springframework\spring-messaging\6.0.13\spring-messaging-6.0.13.jar;C:\Users\20182746\.m2\repository\org\springframework\spring-websocket\6.0.13\spring-websocket-6.0.13.jar;C:\Users\20182746\.m2\repository\org\jetbrains\annotations\24.1.0\annotations-24.1.0.jar
Launcher Type: SUN_STANDARD

[Global flags]
     intx CICompilerCount                          = 4                                         {product} {ergonomic}
     uint ConcGCThreads                            = 2                                         {product} {ergonomic}
     uint G1ConcRefinementThreads                  = 8                                         {product} {ergonomic}
   size_t G1HeapRegionSize                         = 1048576                                   {product} {ergonomic}
    uintx GCDrainStackTargetSize                   = 64                                        {product} {ergonomic}
   size_t InitialHeapSize                          = 132120576                                 {product} {ergonomic}
   size_t MarkStackSize                            = 4194304                                   {product} {ergonomic}
   size_t MaxHeapSize                              = 2105540608                                {product} {ergonomic}
   size_t MaxNewSize                               = 1262485504                                {product} {ergonomic}
   size_t MinHeapDeltaBytes                        = 1048576                                   {product} {ergonomic}
   size_t MinHeapSize                              = 8388608                                   {product} {ergonomic}
    uintx NonNMethodCodeHeapSize                   = 5839372                                {pd product} {ergonomic}
    uintx NonProfiledCodeHeapSize                  = 122909434                              {pd product} {ergonomic}
    uintx ProfiledCodeHeapSize                     = 122909434                              {pd product} {ergonomic}
    uintx ReservedCodeCacheSize                    = 251658240                              {pd product} {ergonomic}
     bool SegmentedCodeCache                       = true                                      {product} {ergonomic}
   size_t SoftMaxHeapSize                          = 2105540608                             {manageable} {ergonomic}
     bool UseCompressedOops                        = true                           {product lp64_product} {ergonomic}
     bool UseG1GC                                  = true                                      {product} {ergonomic}
     bool UseLargePagesIndividualAllocation        = false                                  {pd product} {ergonomic}

Logging:
Log output configuration:
 #0: stdout all=warning uptime,level,tags foldmultilines=false
 #1: stderr all=off uptime,level,tags foldmultilines=false

Environment Variables:
JAVA_HOME=C:\Program Files\Java\jdk-21
PATH=D:\u01\app\oracle\product\21c\db_home\bin;C:\Program Files\Common Files\Oracle\Java\javapath;C:\Program Files (x86)\Common Files\Oracle\Java\javapath;C:\Windows\system32;C:\Windows;C:\Windows\System32\Wbem;C:\Windows\System32\WindowsPowerShell\v1.0\;C:\Windows\System32\OpenSSH\;C:\Program Files\NVIDIA Corporation\NVIDIA NvDLISR;C:\Program Files (x86)\NVIDIA Corporation\PhysX\Common;D:\Git\cmd;C:\Users\20182746\AppData\Roaming\nvm;C:\Program Files\nodejs;C:\Program Files\nodejs\;C:\Program Files\Microsoft SQL Server\Client SDK\ODBC\170\Tools\Binn\;C:\Program Files (x86)\Microsoft SQL Server\150\Tools\Binn\;C:\Program Files\Microsoft SQL Server\150\Tools\Binn\;C:\Program Files\Microsoft SQL Server\150\DTS\Binn\;C:\Program Files (x86)\Microsoft SQL Server\160\Tools\Binn\;C:\Program Files\Microsoft SQL Server\160\Tools\Binn\;C:\Program Files\Microsoft SQL Server\160\DTS\Binn\;C:\Program Files\Azure Data Studio\bin;C:\Program Files\Microsoft SQL Server\110\Tools\Binn\;C:\Users\20182746\AppData\Local\Microsoft\WindowsApps;D:\PyCharm Community Edition 2022.2.1\bin;;D:\Microsoft VS Code\bin;C:\Users\20182746\AppData\Local\GitHubDesktop\bin;C:\Users\20182746\AppData\Roaming\nvm;C:\Program Files\nodejs;%IntelliJ IDEA Community Edition%;C:\Users\20182746\AppData\Roaming\npm;C:\Program Files\Azure Data Studio\bin
USERNAME=20182746
OS=Windows_NT
PROCESSOR_IDENTIFIER=Intel64 Family 6 Model 158 Stepping 10, GenuineIntel
TMP=C:\Users\20182746\AppData\Local\Temp
TEMP=C:\Users\20182746\AppData\Local\Temp




---------------  S Y S T E M  ---------------

OS:
 Windows 11 , 64 bit Build 22000 (10.0.22000.2538)
OS uptime: 41 days 2:37 hours

CPU: total 8 (initial active 8) (4 cores per cpu, 2 threads per core) family 6 model 158 stepping 10 microcode 0xde, cx8, cmov, fxsr, ht, mmx, 3dnowpref, sse, sse2, sse3, ssse3, sse4.1, sse4.2, popcnt, lzcnt, tsc, tscinvbit, avx, avx2, aes, erms, clmul, bmi1, bmi2, adx, fma, vzeroupper, clflush, clflushopt, rdtscp, f16c
Processor Information for all 8 processors :
  Max Mhz: 2301, Current Mhz: 2301, Mhz Limit: 2301

Memory: 4k page, system-wide physical 8028M (338M free)
TotalPageFile size 20557M (AvailPageFile size 8M)
current process WorkingSet (physical memory assigned to process): 214M, peak: 272M
current process commit charge ("private bytes"): 288M, peak: 311M

vm_info: Java HotSpot(TM) 64-Bit Server VM (21+35-LTS-2513) for windows-amd64 JRE (21+35-LTS-2513), built on 2023-08-09T20:25:10Z by "mach5one" with MS VC++ 17.1 (VS2022)

END.
